0 info it worked if it ends with ok
1 verbose cli [ 'node',
1 verbose cli   '/usr/local/bin/npm',
1 verbose cli   'install',
1 verbose cli   'protractor-result-json-output-file-reader',
1 verbose cli   '--save-dev' ]
2 info using npm@1.4.28
3 info using node@v0.10.35
4 warn package.json ngscaffold@0.0.0 No description
5 warn package.json ngscaffold@0.0.0 No repository field.
6 verbose readDependencies using package.json deps
7 verbose cache add [ 'protractor-result-json-output-file-reader', null ]
8 verbose cache add name=undefined spec="protractor-result-json-output-file-reader" args=["protractor-result-json-output-file-reader",null]
9 verbose parsed url { protocol: null,
9 verbose parsed url   slashes: null,
9 verbose parsed url   auth: null,
9 verbose parsed url   host: null,
9 verbose parsed url   port: null,
9 verbose parsed url   hostname: null,
9 verbose parsed url   hash: null,
9 verbose parsed url   search: null,
9 verbose parsed url   query: null,
9 verbose parsed url   pathname: 'protractor-result-json-output-file-reader',
9 verbose parsed url   path: 'protractor-result-json-output-file-reader',
9 verbose parsed url   href: 'protractor-result-json-output-file-reader' }
10 silly lockFile 703efaf0-r-result-json-output-file-reader protractor-result-json-output-file-reader
11 verbose lock protractor-result-json-output-file-reader /Users/erikportin/.npm/703efaf0-r-result-json-output-file-reader.lock
12 silly lockFile 703efaf0-r-result-json-output-file-reader protractor-result-json-output-file-reader
13 silly lockFile 703efaf0-r-result-json-output-file-reader protractor-result-json-output-file-reader
14 verbose addNamed [ 'protractor-result-json-output-file-reader', '' ]
15 verbose addNamed [ null, '*' ]
16 silly lockFile ec22591e-r-result-json-output-file-reader protractor-result-json-output-file-reader@
17 verbose lock protractor-result-json-output-file-reader@ /Users/erikportin/.npm/ec22591e-r-result-json-output-file-reader.lock
18 silly addNameRange { name: 'protractor-result-json-output-file-reader',
18 silly addNameRange   range: '*',
18 silly addNameRange   hasData: false }
19 verbose request where is /protractor-result-json-output-file-reader
20 verbose request registry https://registry.npmjs.org/
21 verbose request id 6f7d1a2e92c6eddf
22 verbose url raw /protractor-result-json-output-file-reader
23 verbose url resolving [ 'https://registry.npmjs.org/',
23 verbose url resolving   './protractor-result-json-output-file-reader' ]
24 verbose url resolved https://registry.npmjs.org/protractor-result-json-output-file-reader
25 verbose request where is https://registry.npmjs.org/protractor-result-json-output-file-reader
26 info trying registry request attempt 1 at 14:22:54
27 http GET https://registry.npmjs.org/protractor-result-json-output-file-reader
28 http 200 https://registry.npmjs.org/protractor-result-json-output-file-reader
29 silly registry.get cb [ 200,
29 silly registry.get   { date: 'Fri, 16 Jan 2015 13:22:56 GMT',
29 silly registry.get     server: 'CouchDB/1.5.0 (Erlang OTP/R16B03)',
29 silly registry.get     etag: '"BRSH2B3LXXHI4TCDVH0D2A5S8"',
29 silly registry.get     'content-type': 'application/json',
29 silly registry.get     'cache-control': 'max-age=60',
29 silly registry.get     'content-length': '3961',
29 silly registry.get     'accept-ranges': 'bytes',
29 silly registry.get     via: '1.1 varnish',
29 silly registry.get     age: '0',
29 silly registry.get     'x-served-by': 'cache-fra1234-FRA',
29 silly registry.get     'x-cache': 'MISS',
29 silly registry.get     'x-cache-hits': '0',
29 silly registry.get     'x-timer': 'S1421414576.361109,VS0,VE172',
29 silly registry.get     vary: 'Accept',
29 silly registry.get     'keep-alive': 'timeout=10, max=50',
29 silly registry.get     connection: 'Keep-Alive' } ]
30 silly addNameRange number 2 { name: 'protractor-result-json-output-file-reader',
30 silly addNameRange   range: '*',
30 silly addNameRange   hasData: true }
31 silly addNameRange versions [ 'protractor-result-json-output-file-reader',
31 silly addNameRange   [ '1.0.0', '1.0.1' ] ]
32 verbose addNamed [ 'protractor-result-json-output-file-reader', '1.0.1' ]
33 verbose addNamed [ '1.0.1', '1.0.1' ]
34 silly lockFile 9f579712-lt-json-output-file-reader-1-0-1 protractor-result-json-output-file-reader@1.0.1
35 verbose lock protractor-result-json-output-file-reader@1.0.1 /Users/erikportin/.npm/9f579712-lt-json-output-file-reader-1-0-1.lock
36 silly lockFile 9f579712-lt-json-output-file-reader-1-0-1 protractor-result-json-output-file-reader@1.0.1
37 silly lockFile 9f579712-lt-json-output-file-reader-1-0-1 protractor-result-json-output-file-reader@1.0.1
38 silly lockFile ec22591e-r-result-json-output-file-reader protractor-result-json-output-file-reader@
39 silly lockFile ec22591e-r-result-json-output-file-reader protractor-result-json-output-file-reader@
40 silly resolved [ { name: 'protractor-result-json-output-file-reader',
40 silly resolved     version: '1.0.1',
40 silly resolved     description: 'Reads and/or outputs the result json output file created by protractor',
40 silly resolved     main: 'index.js',
40 silly resolved     scripts: { test: 'echo "Error: no test specified" && exit 1' },
40 silly resolved     repository:
40 silly resolved      { type: 'git',
40 silly resolved        url: 'https://github.com/erikportin/protractor-result-json-output-file-reader' },
40 silly resolved     keywords: [ 'protractor', 'json', 'resultJsonOutputFile' ],
40 silly resolved     author: { name: 'Erik Portin' },
40 silly resolved     license: 'ISC',
40 silly resolved     bugs: { url: 'https://github.com/erikportin/protractor-result-json-output-file-reader/issues' },
40 silly resolved     homepage: 'https://github.com/erikportin/protractor-result-json-output-file-reader',
40 silly resolved     devDependencies: { chalk: '^0.5.1', 'lodash-node': '^2.4.1', q: '^1.1.2' },
40 silly resolved     readme: '# protractor-result-json-output-file-reader\n\n## To print out the output:\n\nin protractor config file\n<pre>\n...\n    resultJsonOutputFile: \'.e2e-output.json\',\n    afterLaunch: function() {\n        var fs = require(\'fs\'),\n            log = fs.readFileSync(\'.e2e-output.json\', \'utf8\'),\n            prjofr = require(\'protractor-result-json-output-file-reader\');\n        prjofr.printFromJson(JSON.parse(log));\n    },\n...\n</pre>',
40 silly resolved     readmeFilename: 'README.md',
40 silly resolved     gitHead: '94751ec600a3a6dc0878e0858d5315d747b61bce',
40 silly resolved     _id: 'protractor-result-json-output-file-reader@1.0.1',
40 silly resolved     _shasum: '144218532280e54d099763e167e852adaad9fe07',
40 silly resolved     _from: 'protractor-result-json-output-file-reader@' } ]
41 info install protractor-result-json-output-file-reader@1.0.1 into /Users/erikportin/work/ng-scaffold
42 info installOne protractor-result-json-output-file-reader@1.0.1
43 error git Appears to be a git repo or submodule.
43 error git     /Users/erikportin/work/ng-scaffold/node_modules/protractor-result-json-output-file-reader
43 error git Refusing to remove it. Update manually,
43 error git or move it out of the way first.
44 error System Darwin 14.0.0
45 error command "node" "/usr/local/bin/npm" "install" "protractor-result-json-output-file-reader" "--save-dev"
46 error cwd /Users/erikportin/work/ng-scaffold
47 error node -v v0.10.35
48 error npm -v 1.4.28
49 error path /Users/erikportin/work/ng-scaffold/node_modules/protractor-result-json-output-file-reader
50 error code EISGIT
51 verbose exit [ 1, true ]
